\BOOKMARK [1][-]{Doc-Start}{Abstract}{}% 1
\BOOKMARK [1][-]{section*.1}{Acknowledgements}{}% 2
\BOOKMARK [1][-]{Contents.1}{Contents}{}% 3
\BOOKMARK [1][-]{section*.4}{List of Tables}{}% 4
\BOOKMARK [1][-]{section*.6}{List of Figures}{}% 5
\BOOKMARK [0][-]{chapter.1}{1 Introduction}{}% 6
\BOOKMARK [1][-]{section.1.1}{1.1 Chemistry-Transport Coupling in Flame Dynamics}{chapter.1}% 7
\BOOKMARK [2][-]{subsection.1.1.1}{1.1.1 Low-Temperature Chemistry and Cool Flames}{section.1.1}% 8
\BOOKMARK [2][-]{subsection.1.1.2}{1.1.2 LTC in Nonpremixed Flames}{section.1.1}% 9
\BOOKMARK [2][-]{subsection.1.1.3}{1.1.3 Nonpremixed Flame Stabilization and Oscillation}{section.1.1}% 10
\BOOKMARK [2][-]{subsection.1.1.4}{1.1.4 LTC in Flame Stabilization}{section.1.1}% 11
\BOOKMARK [1][-]{section.1.2}{1.2 Chemistry-Transport Coupling in Soot Emissions}{chapter.1}% 12
\BOOKMARK [2][-]{subsection.1.2.1}{1.2.1 Soot Mechanisms and Emissions}{section.1.2}% 13
\BOOKMARK [2][-]{subsection.1.2.2}{1.2.2 Role of Fuel Structure in PAH Chemistry and Soot Emissions}{section.1.2}% 14
\BOOKMARK [2][-]{subsection.1.2.3}{1.2.3 Combined Role of Fuel and Turbulence in Soot Emissions}{section.1.2}% 15
\BOOKMARK [1][-]{section.1.3}{1.3 Organization of the Dissertation}{chapter.1}% 16
\BOOKMARK [0][-]{chapter.2}{2 Nonpremixed Counterflow Cool Flames}{}% 17
\BOOKMARK [1][-]{section.2.1}{2.1 Experimental Investigation}{chapter.2}% 18
\BOOKMARK [1][-]{section.2.2}{2.2 Computational Investigation}{chapter.2}% 19
\BOOKMARK [1][-]{section.2.3}{2.3 Nonpremixed Cool Flames at Atmospheric Conditions}{chapter.2}% 20
\BOOKMARK [2][-]{subsection.2.3.1}{2.3.1 Identification of the Cool Flame}{section.2.3}% 21
\BOOKMARK [2][-]{subsection.2.3.2}{2.3.2 Determination of Ignition Temperature}{section.2.3}% 22
\BOOKMARK [1][-]{section.2.4}{2.4 Nonpremixed Cool Flames at Elevated Pressure}{chapter.2}% 23
\BOOKMARK [2][-]{subsection.2.4.1}{2.4.1 Improvement of the Experimental Methodology}{section.2.4}% 24
\BOOKMARK [2][-]{subsection.2.4.2}{2.4.2 Hysteretic Ignition and Extinction Behavior}{section.2.4}% 25
\BOOKMARK [2][-]{subsection.2.4.3}{2.4.3 Analysis of Thermal and Chemical Structures}{section.2.4}% 26
\BOOKMARK [2][-]{subsection.2.4.4}{2.4.4 Uncertainty Analysis}{section.2.4}% 27
\BOOKMARK [2][-]{subsection.2.4.5}{2.4.5 Effects of Pressure and Oxygen Concentration}{section.2.4}% 28
\BOOKMARK [1][-]{section.2.5}{2.5 Summary}{chapter.2}% 29
\BOOKMARK [0][-]{chapter.3}{3 Flame Dynamics at Engine Conditions}{}% 30
\BOOKMARK [1][-]{section.3.1}{3.1 Computational Details}{chapter.3}% 31
\BOOKMARK [1][-]{section.3.2}{3.2 Flame Stabilization: Boundary Temperature Effects}{chapter.3}% 32
\BOOKMARK [2][-]{subsection.3.2.1}{3.2.1 Thermal and Chemical Structure}{section.3.2}% 33
\BOOKMARK [2][-]{subsection.3.2.2}{3.2.2 Computational Diagnostics and Analysis}{section.3.2}% 34
\BOOKMARK [2][-]{subsection.3.2.3}{3.2.3 Stabilization Mechanism}{section.3.2}% 35
\BOOKMARK [1][-]{section.3.3}{3.3 Flame Stabilization: Boundary Velocity Effects}{chapter.3}% 36
\BOOKMARK [2][-]{subsection.3.3.1}{3.3.1 Thermal and Chemical Structure}{section.3.3}% 37
\BOOKMARK [2][-]{subsection.3.3.2}{3.3.2 Stabilization Mechanism}{section.3.3}% 38
\BOOKMARK [2][-]{subsection.3.3.3}{3.3.3 Autoignition and Flame Interaction}{section.3.3}% 39
\BOOKMARK [2][-]{subsection.3.3.4}{3.3.4 Stabilization Regime Diagram}{section.3.3}% 40
\BOOKMARK [1][-]{section.3.4}{3.4 Flame Dynamics in Oscillating Flows}{chapter.3}% 41
\BOOKMARK [2][-]{subsection.3.4.1}{3.4.1 Thermal Structure}{section.3.4}% 42
\BOOKMARK [2][-]{subsection.3.4.2}{3.4.2 Differentiation of Combustion Mode}{section.3.4}% 43
\BOOKMARK [2][-]{subsection.3.4.3}{3.4.3 Effects of Oscillation Frequency}{section.3.4}% 44
\BOOKMARK [1][-]{section.3.5}{3.5 Summary}{chapter.3}% 45
\BOOKMARK [0][-]{chapter.4}{4 Sooting Limits of Laminar Stagnation-Flow Flames}{}% 46
\BOOKMARK [1][-]{section.4.1}{4.1 Experimental Methodology}{chapter.4}% 47
\BOOKMARK [1][-]{section.4.2}{4.2 Computational Methodology}{chapter.4}% 48
\BOOKMARK [2][-]{subsection.4.2.1}{4.2.1 Chemical Model}{section.4.2}% 49
\BOOKMARK [2][-]{subsection.4.2.2}{4.2.2 Soot Model}{section.4.2}% 50
\BOOKMARK [1][-]{section.4.3}{4.3 Results: Sooting Limits}{chapter.4}% 51
\BOOKMARK [1][-]{section.4.4}{4.4 Mechanistic Analysis}{chapter.4}% 52
\BOOKMARK [2][-]{subsection.4.4.1}{4.4.1 Volume Fraction Response to Strain Rate}{section.4.4}% 53
\BOOKMARK [2][-]{subsection.4.4.2}{4.4.2 Sensitivity and Reaction Pathway Analysis}{section.4.4}% 54
\BOOKMARK [2][-]{subsection.4.4.3}{4.4.3 Rate-Limiting Steps for PAH Formation}{section.4.4}% 55
\BOOKMARK [1][-]{section.4.5}{4.5 Summary}{chapter.4}% 56
\BOOKMARK [0][-]{chapter.5}{5 Soot Evolution in Turbulent Bluff Body Flames}{}% 57
\BOOKMARK [1][-]{section.5.1}{5.1 Experimental Methodology}{chapter.5}% 58
\BOOKMARK [1][-]{section.5.2}{5.2 Computational Methodology}{chapter.5}% 59
\BOOKMARK [1][-]{section.5.3}{5.3 Results and Discussion}{chapter.5}% 60
\BOOKMARK [2][-]{subsection.5.3.1}{5.3.1 Overall Flame Structure}{section.5.3}% 61
\BOOKMARK [2][-]{subsection.5.3.2}{5.3.2 Effects of Hydrogen Addition}{section.5.3}% 62
\BOOKMARK [1][-]{section.5.4}{5.4 Summary}{chapter.5}% 63
\BOOKMARK [0][-]{chapter.6}{6 Conclusions}{}% 64
\BOOKMARK [1][-]{section.6.1}{6.1 Major Contributions}{chapter.6}% 65
\BOOKMARK [2][-]{subsection.6.1.1}{6.1.1 Characterization of Nonpremixed Cool Flames}{section.6.1}% 66
\BOOKMARK [2][-]{subsection.6.1.2}{6.1.2 Demonstration of Autoignition-Affected Flame Dynamics}{section.6.1}% 67
\BOOKMARK [2][-]{subsection.6.1.3}{6.1.3 Characterization of Nonpremixed Sooting Limits}{section.6.1}% 68
\BOOKMARK [2][-]{subsection.6.1.4}{6.1.4 Demonstration of Hydrogen-Affected Soot Emissions}{section.6.1}% 69
\BOOKMARK [1][-]{section.6.2}{6.2 Recommendations for Future Work}{chapter.6}% 70
\BOOKMARK [0][-]{section*.10}{Bibliography}{}% 71
